# CHRONOS Financial Production Deployment Simulation
# Date: 2025-09-23
# Environment: Production VPS (Ubuntu 22.04 LTS)
# Domain: chronos-financial.example.com
# Deployment Version: v1.0.0

=============================================================================
PRODUCTION DEPLOYMENT SIMULATION LOG
=============================================================================

Starting deployment at: 2025-09-23 14:30:00 UTC
Deployment ID: prod-deploy-20250923-143000
Target VPS: 203.0.113.42 (Ubuntu 22.04 LTS, 8GB RAM, 4 CPU cores)
Domain: chronos-financial.example.com
SSL: Let's Encrypt certificates
Environment: Production

=============================================================================
STEP 1: SSH INTO VPS AND VERIFY SERVER ACCESS
=============================================================================

[14:30:05] INFO: Initiating SSH connection to production server
[14:30:05] EXEC: ssh -i ~/.ssh/chronos-prod-key ubuntu@203.0.113.42 -o ConnectTimeout=30

Welcome to Ubuntu 22.04.3 LTS (GNU/Linux 5.15.0-87-generic x86_64)

 * Documentation:  https://help.ubuntu.com
 * Management:     https://landscape.canonical.com
 * Support:        https://ubuntu.com/advantage

  System information as of Mon Sep 23 14:30:05 UTC 2025

  System load:  0.08              Processes:             118
  Usage of /:   15.2% of 78.82GB  Users logged in:       0
  Memory usage: 12%               IPv4 address for eth0: 203.0.113.42
  Swap usage:   0%

[14:30:06] SUCCESS: SSH connection established successfully
[14:30:06] INFO: Verifying server requirements

[14:30:06] EXEC: uname -a
Linux chronos-prod 5.15.0-87-generic #97-Ubuntu SMP Mon Oct 2 21:09:21 UTC 2023 x86_64 x86_64 x86_64 GNU/Linux

[14:30:06] EXEC: free -h
               total        used        free      shared  buff/cache   available
Mem:           7.7Gi       912Mi       6.2Gi       1.0Mi       615Mi       6.6Gi
Swap:          2.0Gi          0B       2.0Gi

[14:30:06] EXEC: df -h
Filesystem      Size  Used Avail Use% Mounted on
/dev/vda1        79G   12G   63G  16% /
/dev/vda15      105M  6.1M   99M   6% /boot/efi
tmpfs           3.9G     0  3.9G   0% /dev/shm

[14:30:07] SUCCESS: Server resources verified - 8GB RAM, 79GB disk, 4 CPU cores
[14:30:07] INFO: Creating deployment user and setting permissions

[14:30:07] EXEC: sudo useradd -m -s /bin/bash chronos-deploy
[14:30:07] EXEC: sudo usermod -aG sudo chronos-deploy
[14:30:08] EXEC: sudo mkdir -p /home/chronos-deploy/.ssh
[14:30:08] EXEC: sudo cp ~/.ssh/authorized_keys /home/chronos-deploy/.ssh/
[14:30:08] EXEC: sudo chown -R chronos-deploy:chronos-deploy /home/chronos-deploy/.ssh
[14:30:08] EXEC: sudo chmod 700 /home/chronos-deploy/.ssh
[14:30:08] EXEC: sudo chmod 600 /home/chronos-deploy/.ssh/authorized_keys

[14:30:09] SUCCESS: Deployment user 'chronos-deploy' created and configured

=============================================================================
STEP 2: CLONE CHRONOS FINANCIAL REPOSITORY
=============================================================================

[14:30:10] INFO: Setting up Git deployment keys
[14:30:10] EXEC: sudo -u chronos-deploy ssh-keygen -t ed25519 -f /home/chronos-deploy/.ssh/github_deploy_key -N ""

Generating public/private ed25519 key pair.
Your identification has been saved in /home/chronos-deploy/.ssh/github_deploy_key
Your public key has been saved in /home/chronos-deploy/.ssh/github_deploy_key.pub

[14:30:11] INFO: Deploy key generated. Public key:
ssh-ed25519 AAAAC3NzaC1lZDI1NTE5AAAAIJQg7/8kN2fH3xY9Zt5m... chronos-deploy@chronos-prod

[14:30:11] INFO: Deploy key added to GitHub repository (simulate manual step)
[14:30:12] INFO: Configuring Git for deployment user

[14:30:12] EXEC: sudo -u chronos-deploy git config --global user.name "CHRONOS Deploy"
[14:30:12] EXEC: sudo -u chronos-deploy git config --global user.email "deploy@chronos-financial.com"
[14:30:12] EXEC: sudo -u chronos-deploy ssh-add /home/chronos-deploy/.ssh/github_deploy_key

[14:30:13] INFO: Cloning CHRONOS Financial repository
[14:30:13] EXEC: sudo -u chronos-deploy git clone git@github.com:chronos-financial/chronos-financial.git /opt/chronos-financial

Cloning into '/opt/chronos-financial'...
remote: Enumerating objects: 1247, done.
remote: Counting objects: 100% (423/423), done.
remote: Compressing objects: 100% (287/287), done.
remote: Total 1247 (delta 186), reused 346 (delta 132), pack-reused 824
Receiving objects: 100% (1247/1247), 2.84 MiB | 5.23 MiB/s, done.
Resolving deltas: 100% (658/658), done.

[14:30:18] SUCCESS: Repository cloned successfully
[14:30:18] INFO: Verifying repository integrity

[14:30:18] EXEC: cd /opt/chronos-financial && ls -la
total 156
drwxr-xr-x  15 chronos-deploy chronos-deploy  4096 Sep 23 14:30 .
drwxr-xr-x   3 root            root            4096 Sep 23 14:30 ..
drwxr-xr-x   8 chronos-deploy chronos-deploy  4096 Sep 23 14:30 .git
-rw-r--r--   1 chronos-deploy chronos-deploy  8591 Sep 23 14:30 .env.example
-rw-r--r--   1 chronos-deploy chronos-deploy  7076 Sep 23 14:30 .env.production.template
drwxr-xr-x   3 chronos-deploy chronos-deploy  4096 Sep 23 14:30 backend
drwxr-xr-x   3 chronos-deploy chronos-deploy  4096 Sep 23 14:30 deployment
-rw-r--r--   1 chronos-deploy chronos-deploy  9508 Sep 23 14:30 docker-compose.production.yml
drwxr-xr-x   5 chronos-deploy chronos-deploy  4096 Sep 23 14:30 docker
drwxr-xr-x   3 chronos-deploy chronos-deploy  4096 Sep 23 14:30 frontend
-rw-r--r--   1 chronos-deploy chronos-deploy  6515 Sep 23 14:30 Makefile
drwxr-xr-x   4 chronos-deploy chronos-deploy  4096 Sep 23 14:30 monitoring
-rw-r--r--   1 chronos-deploy chronos-deploy  3951 Sep 23 14:30 package.json
drwxr-xr-x   6 chronos-deploy chronos-deploy  4096 Sep 23 14:30 prisma
drwxr-xr-x   8 chronos-deploy chronos-deploy  4096 Sep 23 14:30 scripts

[14:30:19] SUCCESS: All essential files and directories present
[14:30:19] INFO: Setting proper ownership and permissions

[14:30:19] EXEC: sudo chown -R chronos-deploy:chronos-deploy /opt/chronos-financial
[14:30:20] EXEC: sudo chmod +x /opt/chronos-financial/deployment/scripts/*.sh

[14:30:20] SUCCESS: Repository setup completed

=============================================================================
STEP 3: RUN SETUP-PRODUCTION.SH SCRIPT
=============================================================================

[14:30:21] INFO: Executing production setup script
[14:30:21] EXEC: cd /opt/chronos-financial && sudo ./deployment/scripts/setup-production.sh chronos-financial.example.com

[SETUP] 2025-09-23 14:30:21 - Starting CHRONOS Financial production setup
[SETUP] 2025-09-23 14:30:21 - Checking system requirements...
[SETUP] 2025-09-23 14:30:22 - System requirements check passed
[SETUP] 2025-09-23 14:30:22 - Installing system dependencies...

Hit:1 http://security.ubuntu.com/ubuntu jammy-security InRelease
Hit:2 http://archive.ubuntu.com/ubuntu jammy InRelease
Hit:3 http://archive.ubuntu.com/ubuntu jammy-updates InRelease
Hit:4 http://archive.ubuntu.com/ubuntu jammy-backports InRelease
Reading package lists... Done

[14:30:25] INFO: Installing essential packages
Reading package lists... Done
Building dependency tree... Done
Reading state information... Done
The following NEW packages will be installed:
  ca-certificates curl fail2ban git gnupg htop jq lsb-release openssl ufw wget
0 upgraded, 10 newly installed, 0 to remove and 0 not upgraded.
Need to get 2,847 kB of archives.
After this operation, 8,932 kB of additional disk space will be used.
Get:1 http://archive.ubuntu.com/ubuntu jammy/main amd64 curl amd64 7.81.0-1ubuntu1.14 [194 kB]
...
Setting up fail2ban (0.11.2-2) ...
Setting up htop (3.0.5-7build2) ...

[14:30:32] SUCCESS: Essential packages installed
[14:30:32] INFO: Installing Docker...

[14:30:32] EXEC: curl -fsSL https://download.docker.com/linux/ubuntu/gpg | gpg --dearmor -o /usr/share/keyrings/docker-archive-keyring.gpg

[14:30:33] EXEC: echo "deb [arch=amd64 signed-by=/usr/share/keyrings/docker-archive-keyring.gpg] https://download.docker.com/linux/ubuntu $(lsb_release -cs) stable" | tee /etc/apt/sources.list.d/docker.list

[14:30:33] EXEC: apt-get update && apt-get install -y docker-ce docker-ce-cli containerd.io docker-compose-plugin

Hit:1 http://security.ubuntu.com/ubuntu jammy-security InRelease
Hit:2 http://archive.ubuntu.com/ubuntu jammy InRelease
Hit:3 http://archive.ubuntu.com/ubuntu jammy-updates InRelease
Get:4 https://download.docker.com/linux/ubuntu jammy InRelease [48.9 kB]
...
The following NEW packages will be installed:
  containerd.io docker-ce docker-ce-cli docker-ce-rootless-extras docker-compose-plugin
...
Setting up docker-ce (5:24.0.6-1~ubuntu.22.04~jammy) ...
Created symlink /etc/systemd/system/multi-user.target.wants/docker.service → /lib/systemd/system/docker.service.
Created symlink /etc/systemd/system/sockets.target.wants/docker.socket → /lib/systemd/system/docker.socket.

[14:30:45] SUCCESS: Docker installed and started
[14:30:45] INFO: Installing Docker Compose...

[14:30:45] EXEC: curl -L "https://github.com/docker/compose/releases/latest/download/docker-compose-$(uname -s)-$(uname -m)" -o /usr/local/bin/docker-compose
[14:30:47] EXEC: chmod +x /usr/local/bin/docker-compose

[14:30:47] SUCCESS: Docker Compose installed
[SETUP] 2025-09-23 14:30:47 - Dependencies installation completed
[SETUP] 2025-09-23 14:30:47 - Setting up firewall...

[14:30:47] EXEC: ufw --force reset
[14:30:47] EXEC: ufw default deny incoming
[14:30:47] EXEC: ufw default allow outgoing
[14:30:48] EXEC: ufw allow 22/tcp
[14:30:48] EXEC: ufw allow 80/tcp
[14:30:48] EXEC: ufw allow 443/tcp
[14:30:48] EXEC: ufw --force enable

Rules updated
Rules updated (v6)
Rules updated
Rules updated (v6)
Rules updated
Rules updated (v6)
Firewall is active and enabled on system startup

[SETUP] 2025-09-23 14:30:48 - Firewall setup completed
[SETUP] 2025-09-23 14:30:48 - Setting up fail2ban...

[14:30:49] INFO: Configuring fail2ban with custom rules
[14:30:49] EXEC: systemctl enable fail2ban
[14:30:49] EXEC: systemctl restart fail2ban

Synchronizing state of fail2ban.service with SysV service script with /lib/systemd/systemd-sysv-install.
Executing: /lib/systemd/systemd-sysv-install enable fail2ban

[SETUP] 2025-09-23 14:30:50 - Fail2ban setup completed
[SETUP] 2025-09-23 14:30:50 - Setting up environment files...

[14:30:50] INFO: Creating production environment file
[14:30:50] EXEC: cp .env.production.template .env.production

[SETUP] 2025-09-23 14:30:50 - Created .env.production from template
[SETUP] 2025-09-23 14:30:50 - Updating domain configuration...
[SETUP] 2025-09-23 14:30:51 - Generating secure secrets...

[14:30:51] INFO: Generating cryptographically secure secrets
[14:30:51] EXEC: openssl rand -hex 32
a8f5f167f44f4964e6c998dee827110b8f2c8a01f2e7e52e9e3f6c9c04bec1c2

[14:30:51] EXEC: openssl rand -base64 32 | tr -d "=+/" | cut -c1-25
mK8nL3rQ7wP5vF2zX9bN4dC6h

[14:30:51] EXEC: openssl rand -base64 32 | tr -d "=+/" | cut -c1-25
tR9xY2jM8nQ4wL7kP5fV3bC8s

[14:30:51] EXEC: openssl rand -base64 16 | tr -d "=+/" | cut -c1-12
mN5pR8xF2qL9

[SETUP] 2025-09-23 14:30:52 - Environment setup completed
[SETUP-WARN] 2025-09-23 14:30:52 - Please review and update .env.production with your specific configuration
[SETUP] 2025-09-23 14:30:52 - Setting up directories and permissions...

[14:30:52] EXEC: mkdir -p {logs,backups,monitoring/data,deployment/logs}
[14:30:52] EXEC: chmod 755 deployment/scripts/*.sh
[14:30:52] EXEC: chmod 600 .env.production
[14:30:53] EXEC: mkdir -p backups/{database,config,logs}

[SETUP] 2025-09-23 14:30:53 - Directories and permissions setup completed
[SETUP] 2025-09-23 14:30:53 - Setting up monitoring configuration...

[14:30:53] EXEC: mkdir -p monitoring/grafana/data
[14:30:53] EXEC: chmod 777 monitoring/grafana/data
[14:30:53] EXEC: mkdir -p monitoring/prometheus/data
[14:30:53] EXEC: chmod 777 monitoring/prometheus/data

[SETUP] 2025-09-23 14:30:54 - Monitoring setup completed
[SETUP] 2025-09-23 14:30:54 - Setting up log rotation...

[14:30:54] INFO: Configuring logrotate for application logs
[14:30:54] EXEC: cat > /etc/logrotate.d/chronos-financial

[SETUP] 2025-09-23 14:30:54 - Log rotation setup completed
[SETUP] 2025-09-23 14:30:54 - Setting up systemd service...

[14:30:54] EXEC: cat > /etc/systemd/system/chronos-financial.service
[14:30:55] EXEC: systemctl daemon-reload
[14:30:55] EXEC: systemctl enable chronos-financial.service

Created symlink /etc/systemd/system/multi-user.target.wants/chronos-financial.service → /etc/systemd/system/chronos-financial.service.

[SETUP] 2025-09-23 14:30:55 - Systemd service setup completed
[SETUP] 2025-09-23 14:30:55 - Verifying setup...

[14:30:55] INFO: Checking environment file
[14:30:55] INFO: Checking SSL certificates
[14:30:55] INFO: Checking Docker installation
[14:30:55] INFO: Checking Docker Compose installation
[14:30:56] INFO: Validating Docker Compose configuration

[SETUP] 2025-09-23 14:30:56 - Setup verification passed
[SETUP] 2025-09-23 14:30:56 - Production setup completed successfully!
[SETUP-INFO] 2025-09-23 14:30:56 - Domain: chronos-financial.example.com
[SETUP-INFO] 2025-09-23 14:30:56 - Next steps:
[SETUP-INFO] 2025-09-23 14:30:56 -   1. Review and update .env.production
[SETUP-INFO] 2025-09-23 14:30:56 -   2. Setup proper SSL certificates (Let's Encrypt recommended)
[SETUP-INFO] 2025-09-23 14:30:56 -   3. Run: ./deployment/scripts/deploy.sh production
[SETUP-INFO] 2025-09-23 14:30:56 -   4. Verify deployment: ./deployment/scripts/health-check.sh production

[14:30:56] SUCCESS: Production setup script completed successfully

=============================================================================
STEP 4: CONFIGURE NGINX WITH SSL CERTIFICATES
=============================================================================

[14:30:57] INFO: Setting up SSL certificates with Let's Encrypt
[14:30:57] EXEC: apt-get install -y certbot python3-certbot-nginx

Reading package lists... Done
Building dependency tree... Done
Reading state information... Done
The following NEW packages will be installed:
  certbot python3-certbot-nginx python3-acme python3-certbot python3-configargparse
  python3-distutils python3-josepy python3-parsedatetime python3-pyrfc3339
  python3-requests-toolbelt python3-tz python3-zope.component python3-zope.event
  python3-zope.hookable
0 upgraded, 14 newly installed, 0 to remove and 0 not upgraded.
...
Setting up certbot (1.21.0-1build1) ...
Setting up python3-certbot-nginx (1.21.0-1) ...

[14:31:03] SUCCESS: Certbot installed
[14:31:03] INFO: Temporarily stopping nginx for certificate generation
[14:31:03] EXEC: systemctl stop nginx || true

[14:31:03] INFO: Obtaining SSL certificates from Let's Encrypt
[14:31:03] EXEC: certbot certonly --standalone -d chronos-financial.example.com -d www.chronos-financial.example.com --non-interactive --agree-tos --email admin@chronos-financial.com

Saving debug log to /var/log/letsencrypt/letsencrypt.log
Requesting a certificate for chronos-financial.example.com and www.chronos-financial.example.com

Successfully received certificate.
Certificate is saved at: /etc/letsencrypt/live/chronos-financial.example.com/fullchain.pem
Key is saved at:         /etc/letsencrypt/live/chronos-financial.example.com/privkey.pem
This certificate expires on 2025-12-22.
These files will be updated when the certificate is renewed.

NEXT STEPS:
- The certificate will need to be renewed before it expires. Certbot can automatically renew it for you.

[14:31:08] SUCCESS: SSL certificates obtained from Let's Encrypt
[14:31:08] INFO: Copying certificates to Docker volume

[14:31:08] EXEC: cp /etc/letsencrypt/live/chronos-financial.example.com/fullchain.pem /opt/chronos-financial/docker/nginx/ssl/cert.pem
[14:31:08] EXEC: cp /etc/letsencrypt/live/chronos-financial.example.com/privkey.pem /opt/chronos-financial/docker/nginx/ssl/private.key
[14:31:08] EXEC: cp /etc/letsencrypt/live/chronos-financial.example.com/chain.pem /opt/chronos-financial/docker/nginx/ssl/chain.pem

[14:31:09] SUCCESS: SSL certificates copied to Docker nginx volume
[14:31:09] INFO: Setting up certificate auto-renewal

[14:31:09] EXEC: crontab -l > /tmp/current_crontab 2>/dev/null || touch /tmp/current_crontab
[14:31:09] EXEC: echo "0 12 * * * /usr/bin/certbot renew --quiet && docker-compose -f /opt/chronos-financial/docker-compose.production.yml restart nginx" >> /tmp/current_crontab
[14:31:09] EXEC: crontab /tmp/current_crontab

[14:31:09] SUCCESS: Certificate auto-renewal configured
[14:31:10] INFO: Updating Nginx configuration with proper domain

[14:31:10] EXEC: cd /opt/chronos-financial && sed -i 's/your-domain.com/chronos-financial.example.com/g' docker/nginx/conf.d/production.conf

[14:31:10] SUCCESS: Nginx configuration updated with domain
[14:31:10] INFO: Validating Nginx configuration

[14:31:10] EXEC: cd /opt/chronos-financial && docker run --rm -v $(pwd)/docker/nginx/nginx.production.conf:/etc/nginx/nginx.conf:ro -v $(pwd)/docker/nginx/conf.d/production.conf:/etc/nginx/conf.d/default.conf:ro nginx:1.25-alpine nginx -t

nginx: the configuration file /etc/nginx/nginx.conf syntax is ok
nginx: configuration file /etc/nginx/nginx.conf test is successful

[14:31:11] SUCCESS: Nginx configuration validated successfully

=============================================================================
STEP 5: START DOCKER CONTAINERS
=============================================================================

[14:31:12] INFO: Building and starting Docker containers
[14:31:12] EXEC: cd /opt/chronos-financial && docker-compose -f docker-compose.production.yml build --parallel --compress

Building backend
Step 1/15 : FROM node:18-alpine AS base
18-alpine: Pulling from library/node
7264a8db6415: Pull complete
5bed26d33875: Pull complete
f11b29a9c730: Pull complete
Digest: sha256:c7620fdecfefb96813da62519897808775230386f4c8482e972e37b8b18cb460
Status: Downloaded newer image for node:18-alpine
 ---> f77eb1a47a80

Step 2/15 : WORKDIR /app
 ---> Running in 8c7e45b3c2a8
 ---> 7d8e2a4c9f6b

[Building process continues for backend...]

Building frontend
Step 1/12 : FROM node:18-alpine AS base
 ---> f77eb1a47a80

Step 2/12 : WORKDIR /app
 ---> Using cache
 ---> 7d8e2a4c9f6b

[Building process continues for frontend...]

Building backup
Step 1/8 : FROM alpine:3.18
3.18: Pulling from library/alpine
4abcf2066143: Pull complete
Digest: sha256:82d1e9d7ed48a7523bdebc18cf6872bffe5179175c4b75a2c645b65c2df3b0ed
Status: Downloaded newer image for alpine:3.18
 ---> c1aabb73d233

[14:31:45] SUCCESS: All images built successfully
[14:31:45] INFO: Starting production containers

[14:31:45] EXEC: cd /opt/chronos-financial && docker-compose -f docker-compose.production.yml up -d

Creating network "chronos-network" with driver "bridge"
Creating network "monitoring-network" with driver "bridge"
Creating volume "chronos-financial_postgres_data" with local driver
Creating volume "chronos-financial_redis_data" with local driver
Creating volume "chronos-financial_prometheus_data" with local driver
Creating volume "chronos-financial_grafana_data" with local driver
Creating volume "chronos-financial_nginx_cache" with local driver
Creating volume "chronos-financial_backup_logs" with local driver

Creating chronos-postgres-prod    ... done
Creating chronos-redis-prod       ... done
Creating chronos-node-exporter-prod ... done
Creating chronos-prometheus-prod  ... done
Creating chronos-backup-prod      ... done
Creating chronos-backend-prod     ... done
Creating chronos-grafana-prod     ... done
Creating chronos-frontend-prod    ... done
Creating chronos-nginx-prod       ... done

[14:31:52] SUCCESS: All containers started
[14:31:52] INFO: Waiting for services to be healthy

[14:31:52] EXEC: cd /opt/chronos-financial && docker-compose -f docker-compose.production.yml ps

       Name                     Command                  State                    Ports
-------------------------------------------------------------------------------------------
chronos-backend-prod    docker-entrypoint.sh node ...   Up (healthy)   3001/tcp
chronos-frontend-prod   docker-entrypoint.sh npm ...    Up (healthy)   3000/tcp
chronos-grafana-prod    /run.sh                          Up (healthy)   3000/tcp
chronos-nginx-prod      /docker-entrypoint.sh ngin ...   Up (healthy)   0.0.0.0:80->80/tcp,
                                                                        0.0.0.0:443->443/tcp
chronos-node-exporter-  /bin/node_exporter --path. ...   Up             9100/tcp
prod
chronos-postgres-prod   docker-entrypoint.sh postgres   Up (healthy)   5432/tcp
chronos-prometheus-prod /bin/prometheus --config.f ...   Up (healthy)   9090/tcp
chronos-redis-prod      docker-entrypoint.sh redis ...   Up (healthy)   6379/tcp
chronos-backup-prod     /entrypoint.sh crond -f          Up

[14:31:55] SUCCESS: All services are running and healthy
[14:31:55] INFO: Checking container resource usage

[14:31:55] EXEC: docker stats --no-stream --format "table {{.Container}}\t{{.CPUPerc}}\t{{.MemUsage}}\t{{.MemPerc}}"

CONTAINER                    CPU %     MEM USAGE / LIMIT     MEM %
chronos-nginx-prod          0.12%     45.23MiB / 256MiB     17.67%
chronos-frontend-prod       1.45%     198.7MiB / 512MiB     38.81%
chronos-backend-prod        2.33%     387.2MiB / 1GiB       37.81%
chronos-grafana-prod        0.89%     156.4MiB / 512MiB     30.55%
chronos-prometheus-prod     1.12%     234.6MiB / 1GiB       22.91%
chronos-postgres-prod       0.67%     267.8MiB / 1GiB       26.15%
chronos-redis-prod          0.34%     23.45MiB / 512MiB     4.58%
chronos-node-exporter-prod  0.21%     12.34MiB / 128MiB     9.64%
chronos-backup-prod         0.05%     8.76MiB / 256MiB      3.42%

[14:31:56] SUCCESS: All containers within resource limits

=============================================================================
STEP 6: RUN DATABASE MIGRATIONS
=============================================================================

[14:31:57] INFO: Running database migrations
[14:31:57] EXEC: cd /opt/chronos-financial && docker-compose -f docker-compose.production.yml exec -T backend npx prisma migrate deploy

Environment variables loaded from .env
Prisma schema loaded from prisma/schema.prisma
Datasource "db": PostgreSQL database "chronos_financial", schema "public" at "postgres:5432"

3 migrations found in prisma/migrations

Applying migration `20240901120000_init`
Applying migration `20240915140000_add_user_roles`
Applying migration `20240920100000_add_transaction_categories`

The following migration(s) have been applied:

migrations/
  └─ 20240901120000_init/
    └─ migration.sql
  └─ 20240915140000_add_user_roles/
    └─ migration.sql
  └─ 20240920100000_add_transaction_categories/
    └─ migration.sql

All migrations have been successfully applied.

[14:32:02] SUCCESS: Database migrations completed
[14:32:02] INFO: Seeding initial data

[14:32:02] EXEC: cd /opt/chronos-financial && docker-compose -f docker-compose.production.yml exec -T backend npx prisma db seed

Environment variables loaded from .env
Running seed command `node prisma/seed.js` ...

🌱 Seeding started...
👤 Created admin user
📊 Created default categories
💼 Created sample transaction types
🔐 Created API permissions
🌱 Seeding finished.

[14:32:05] SUCCESS: Database seeded with initial data
[14:32:05] INFO: Verifying database connectivity

[14:32:05] EXEC: cd /opt/chronos-financial && docker-compose -f docker-compose.production.yml exec -T postgres pg_isready -U chronos_user -d chronos_financial

/var/run/postgresql:5432 - accepting connections

[14:32:06] SUCCESS: Database connectivity verified
[14:32:06] INFO: Testing backup system

[14:32:06] EXEC: cd /opt/chronos-financial && docker-compose -f docker-compose.production.yml exec -T backup /scripts/backup.sh

Starting backup process...
Creating database backup: backup_20250923_143206.sql
Database backup completed: 2.1MB
Compressing backup with GPG encryption...
Backup encrypted and compressed: backup_20250923_143206.sql.gz.gpg
Uploading to S3 bucket: chronos-backups-prod...
Backup upload completed successfully
Cleaning up old backups (keeping 30 days)...
Backup process completed successfully

[14:32:12] SUCCESS: Database backup system verified

=============================================================================
STEP 7: VERIFY HEALTH ENDPOINTS
=============================================================================

[14:32:13] INFO: Testing health endpoints
[14:32:13] EXEC: cd /opt/chronos-financial && curl -f -s -o /dev/null -w "%{http_code}" http://localhost/api/health

200

[14:32:14] SUCCESS: Frontend health endpoint: HTTP 200
[14:32:14] INFO: Testing backend API health

[14:32:14] EXEC: cd /opt/chronos-financial && curl -f -s -o /dev/null -w "%{http_code}" https://chronos-financial.example.com/api/health

200

[14:32:15] SUCCESS: Backend API health endpoint: HTTP 200
[14:32:15] INFO: Testing WebSocket connections

[14:32:15] EXEC: cd /opt/chronos-financial && timeout 5s wscat -c ws://localhost/ws/health

Connected (press CTRL+C to quit)
< {"status":"healthy","timestamp":"2025-09-23T14:32:15.723Z","connections":1}
^C

[14:32:20] SUCCESS: WebSocket connection established
[14:32:20] INFO: Testing monitoring endpoints

[14:32:20] EXEC: curl -f -s -o /dev/null -w "%{http_code}" http://localhost:9090/-/healthy

200

[14:32:21] SUCCESS: Prometheus health endpoint: HTTP 200

[14:32:21] EXEC: curl -f -s -o /dev/null -w "%{http_code}" http://localhost:3001/api/health

200

[14:32:22] SUCCESS: Grafana health endpoint: HTTP 200
[14:32:22] INFO: Testing external service integrations

[14:32:22] EXEC: cd /opt/chronos-financial && docker-compose -f docker-compose.production.yml exec -T backend node -e "require('./src/services/stripe').testConnection()"

✓ Stripe connection: OK
✓ Webhook endpoint configured: OK
✓ Test payment intent: OK

[14:32:25] SUCCESS: Stripe integration verified

[14:32:25] EXEC: cd /opt/chronos-financial && docker-compose -f docker-compose.production.yml exec -T backend node -e "require('./src/services/whatsapp').testConnection()"

✓ WhatsApp API connection: OK
✓ Webhook configured: OK
✓ Test message send: OK

[14:32:28] SUCCESS: WhatsApp integration verified

=============================================================================
STEP 8: RUN PRODUCTION SMOKE TESTS
=============================================================================

[14:32:29] INFO: Running comprehensive smoke tests
[14:32:29] EXEC: cd /opt/chronos-financial && ./deployment/scripts/health-check.sh production

[HEALTH] 2025-09-23 14:32:29 - Starting health check for production environment
[HEALTH] 2025-09-23 14:32:29 - Testing frontend application...

✓ Frontend serves static assets correctly
✓ Frontend health endpoint responsive
✓ Login page loads successfully
✓ Dashboard renders without errors
✓ Navigation components functional

[HEALTH] 2025-09-23 14:32:33 - Frontend tests: PASSED

[HEALTH] 2025-09-23 14:32:33 - Testing backend API...

✓ API health endpoint responsive
✓ Authentication endpoints working
✓ User registration flow functional
✓ JWT token generation/validation working
✓ Database queries executing successfully
✓ Redis caching operational

[HEALTH] 2025-09-23 14:32:37 - Backend tests: PASSED

[HEALTH] 2025-09-23 14:32:37 - Testing authentication flows...

Test User Registration:
POST /api/auth/register
{
  "email": "test@example.com",
  "password": "TestPassword123!",
  "name": "Test User"
}
Response: 201 Created
✓ User registration successful

Test User Login:
POST /api/auth/login
{
  "email": "test@example.com",
  "password": "TestPassword123!"
}
Response: 200 OK
✓ User login successful
✓ JWT token received and valid

Test Protected Route:
GET /api/user/profile
Authorization: Bearer eyJhbGciOiJIUzI1NiIsInR5cCI6IkpXVCJ9...
Response: 200 OK
✓ Protected route access successful

[HEALTH] 2025-09-23 14:32:42 - Authentication tests: PASSED

[HEALTH] 2025-09-23 14:32:42 - Testing financial operations...

Test Account Creation:
POST /api/accounts
{
  "name": "Test Checking Account",
  "type": "CHECKING",
  "balance": 1000.00
}
Response: 201 Created
✓ Account created successfully

Test Transaction Creation:
POST /api/transactions
{
  "accountId": "acc_123",
  "amount": -50.00,
  "description": "Test Transaction",
  "category": "FOOD"
}
Response: 201 Created
✓ Transaction recorded successfully

Test Balance Calculation:
GET /api/accounts/acc_123/balance
Response: 200 OK
Balance: $950.00
✓ Balance updated correctly

[HEALTH] 2025-09-23 14:32:47 - Financial operations tests: PASSED

[HEALTH] 2025-09-23 14:32:47 - Testing Stripe webhook endpoints...

Test Stripe Webhook Processing:
POST /api/webhooks/stripe
{
  "id": "evt_test_webhook",
  "object": "event",
  "type": "payment_intent.succeeded",
  "data": {
    "object": {
      "id": "pi_test_payment",
      "amount": 5000,
      "currency": "usd",
      "status": "succeeded"
    }
  }
}
Response: 200 OK
✓ Stripe webhook processed successfully
✓ Payment recorded in database
✓ User account balance updated

[HEALTH] 2025-09-23 14:32:52 - Stripe webhook tests: PASSED

[HEALTH] 2025-09-23 14:32:52 - Testing WhatsApp integration...

Test WhatsApp Message Send:
POST /api/whatsapp/send
{
  "to": "+1234567890",
  "message": "Test transaction notification: $50.00 spent at Test Merchant"
}
Response: 200 OK
✓ WhatsApp message sent successfully

Test WhatsApp Webhook:
POST /api/webhooks/whatsapp
{
  "messaging_product": "whatsapp",
  "messages": [{
    "from": "1234567890",
    "text": { "body": "BALANCE" }
  }]
}
Response: 200 OK
✓ WhatsApp webhook processed
✓ Balance inquiry response sent

[HEALTH] 2025-09-23 14:32:57 - WhatsApp tests: PASSED

[HEALTH] 2025-09-23 14:32:57 - Verifying monitoring and alerts...

✓ Prometheus metrics collection active
✓ Grafana dashboards accessible
✓ Alert rules configured and active
✓ Log aggregation working
✓ Performance metrics within acceptable ranges

[HEALTH] 2025-09-23 14:33:02 - Monitoring verification: PASSED

[HEALTH] 2025-09-23 14:33:02 - All health checks completed successfully!

[14:33:02] SUCCESS: All smoke tests passed successfully

=============================================================================
DEPLOYMENT COMPLETION AND VERIFICATION
=============================================================================

[14:33:03] INFO: Finalizing deployment
[14:33:03] EXEC: cd /opt/chronos-financial && ./deployment/scripts/deploy.sh production --check-only

[DEPLOY] 2025-09-23 14:33:03 - Starting CHRONOS Financial deployment
[DEPLOY] 2025-09-23 14:33:03 - Checking deployment prerequisites...
[DEPLOY] 2025-09-23 14:33:04 - Prerequisites check passed

Environment: production
Branch: main
Commit: a7b8c9d2e3f4567890123456789abcdef0123456
Tag: v1.0.0
Message: feat: production deployment ready
Timestamp: 2025-09-23T14:33:03+00:00

[DEPLOY] 2025-09-23 14:33:04 - Pre-deployment checks completed successfully

[14:33:04] SUCCESS: Deployment verification completed
[14:33:04] INFO: Recording deployment in logs

[14:33:04] EXEC: cd /opt/chronos-financial && echo '{
  "timestamp": "2025-09-23T14:33:04+00:00",
  "environment": "production",
  "version": "v1.0.0",
  "commit": "a7b8c9d2e3f4567890123456789abcdef0123456",
  "branch": "main",
  "message": "Production deployment completed successfully",
  "deployed_by": "chronos-deploy",
  "status": "success",
  "duration": "2m47s",
  "services": {
    "frontend": "healthy",
    "backend": "healthy",
    "database": "healthy",
    "redis": "healthy",
    "nginx": "healthy",
    "monitoring": "healthy"
  }
}' >> deployment/logs/deployments.log

[14:33:05] SUCCESS: Deployment recorded successfully

=============================================================================
POST-DEPLOYMENT SUMMARY
=============================================================================

DEPLOYMENT COMPLETED SUCCESSFULLY!

Deployment Details:
- Environment: Production
- Version: v1.0.0
- Commit: a7b8c9d2e3f4567890123456789abcdef0123456
- Duration: 2 minutes 47 seconds
- Deployed by: chronos-deploy
- Timestamp: 2025-09-23 14:33:05 UTC

Production URLs:
- Main Application: https://chronos-financial.example.com
- API Endpoint: https://chronos-financial.example.com/api
- Monitoring Dashboard: https://chronos-financial.example.com:3001/grafana
- Admin Panel: https://chronos-financial.example.com/admin

Services Status:
✓ Frontend (Next.js): Healthy - Port 3000
✓ Backend (Node.js): Healthy - Port 3001
✓ Database (PostgreSQL): Healthy - Port 5432
✓ Cache (Redis): Healthy - Port 6379
✓ Reverse Proxy (Nginx): Healthy - Ports 80/443
✓ Monitoring (Prometheus): Healthy - Port 9090
✓ Dashboards (Grafana): Healthy - Port 3000
✓ Metrics (Node Exporter): Healthy - Port 9100
✓ Backup Service: Healthy - Scheduled backups active

Security Features:
✓ SSL/TLS encryption (Let's Encrypt certificates)
✓ Firewall configured (UFW)
✓ Fail2ban protection active
✓ Container security hardening
✓ Regular security updates scheduled

Monitoring & Alerts:
✓ Application performance monitoring
✓ Infrastructure metrics collection
✓ Error tracking and alerting
✓ Log aggregation and analysis
✓ Automated backup verification

Next Steps:
1. Monitor application performance and logs
2. Set up additional monitoring alerts as needed
3. Schedule regular security updates
4. Plan for scaling based on usage patterns
5. Review and update backup retention policies

Emergency Contacts:
- DevOps Team: devops@chronos-financial.com
- Technical Support: support@chronos-financial.com
- Emergency Hotline: +1-555-CHRONOS

Rollback Procedures:
In case of critical issues, execute:
./deployment/scripts/deploy.sh production --rollback

=============================================================================
DEPLOYMENT LOG END
=============================================================================